mode: set
github.com/agent-project/harness/config/config.go:67.41,69.16 2 1
github.com/agent-project/harness/config/config.go:69.16,71.3 1 1
github.com/agent-project/harness/config/config.go:73.2,114.17 29 1
github.com/agent-project/harness/config/config.go:118.35,121.26 2 1
github.com/agent-project/harness/config/config.go:121.26,123.3 1 1
github.com/agent-project/harness/config/config.go:124.2,124.23 1 1
github.com/agent-project/harness/config/config.go:124.23,126.3 1 1
github.com/agent-project/harness/config/config.go:127.2,127.30 1 1
github.com/agent-project/harness/config/config.go:127.30,129.3 1 1
github.com/agent-project/harness/config/config.go:130.2,130.26 1 1
github.com/agent-project/harness/config/config.go:130.26,132.3 1 0
github.com/agent-project/harness/config/config.go:133.2,133.24 1 1
github.com/agent-project/harness/config/config.go:133.24,135.3 1 0
github.com/agent-project/harness/config/config.go:136.2,136.34 1 1
github.com/agent-project/harness/config/config.go:136.34,138.3 1 0
github.com/agent-project/harness/config/config.go:139.2,139.67 1 1
github.com/agent-project/harness/config/config.go:139.67,141.3 1 1
github.com/agent-project/harness/config/config.go:142.2,142.35 1 1
github.com/agent-project/harness/config/config.go:142.35,144.3 1 1
github.com/agent-project/harness/config/config.go:145.2,145.27 1 1
github.com/agent-project/harness/config/config.go:145.27,147.3 1 1
github.com/agent-project/harness/config/config.go:148.2,148.49 1 1
github.com/agent-project/harness/config/config.go:148.49,150.3 1 1
github.com/agent-project/harness/config/config.go:151.2,151.32 1 1
github.com/agent-project/harness/config/config.go:151.32,153.3 1 1
github.com/agent-project/harness/config/config.go:156.2,157.15 2 1
github.com/agent-project/harness/config/config.go:158.40,158.40 0 1
github.com/agent-project/harness/config/config.go:159.10,160.125 1 1
github.com/agent-project/harness/config/config.go:164.2,164.25 1 1
github.com/agent-project/harness/config/config.go:164.25,166.3 1 0
github.com/agent-project/harness/config/config.go:167.2,167.27 1 1
github.com/agent-project/harness/config/config.go:167.27,169.3 1 0
github.com/agent-project/harness/config/config.go:171.2,171.21 1 1
github.com/agent-project/harness/config/config.go:171.21,173.3 1 1
github.com/agent-project/harness/config/config.go:174.2,174.12 1 1
github.com/agent-project/harness/config/config.go:178.94,179.34 1 1
github.com/agent-project/harness/config/config.go:179.34,180.30 1 1
github.com/agent-project/harness/config/config.go:180.30,182.4 1 1
github.com/agent-project/harness/config/config.go:184.2,184.21 1 1
github.com/agent-project/harness/config/config.go:188.95,189.34 1 1
github.com/agent-project/harness/config/config.go:189.34,190.30 1 1
github.com/agent-project/harness/config/config.go:190.30,192.18 2 1
github.com/agent-project/harness/config/config.go:192.18,194.5 1 1
github.com/agent-project/harness/config/config.go:197.2,197.21 1 1
github.com/agent-project/harness/config/config.go:201.98,202.34 1 1
github.com/agent-project/harness/config/config.go:202.34,203.30 1 1
github.com/agent-project/harness/config/config.go:203.30,205.18 2 1
github.com/agent-project/harness/config/config.go:205.18,207.5 1 1
github.com/agent-project/harness/config/config.go:210.2,210.21 1 1
github.com/agent-project/harness/config/config.go:215.100,218.47 3 1
github.com/agent-project/harness/config/config.go:218.47,220.14 2 1
github.com/agent-project/harness/config/config.go:220.14,222.4 1 1
github.com/agent-project/harness/config/config.go:224.2,224.15 1 1
github.com/agent-project/harness/config/config.go:228.105,229.34 1 1
github.com/agent-project/harness/config/config.go:229.34,230.30 1 1
github.com/agent-project/harness/config/config.go:230.30,232.18 2 1
github.com/agent-project/harness/config/config.go:232.18,234.5 1 1
github.com/agent-project/harness/config/config.go:237.2,237.21 1 1
github.com/agent-project/harness/config/ini_parser.go:12.63,24.21 8 1
github.com/agent-project/harness/config/ini_parser.go:24.21,29.18 3 1
github.com/agent-project/harness/config/ini_parser.go:29.18,31.41 1 1
github.com/agent-project/harness/config/ini_parser.go:31.41,34.22 2 1
github.com/agent-project/harness/config/ini_parser.go:34.22,36.6 1 1
github.com/agent-project/harness/config/ini_parser.go:37.5,42.13 6 1
github.com/agent-project/harness/config/ini_parser.go:44.4,45.12 2 1
github.com/agent-project/harness/config/ini_parser.go:49.3,49.20 1 1
github.com/agent-project/harness/config/ini_parser.go:49.20,50.12 1 1
github.com/agent-project/harness/config/ini_parser.go:54.3,54.45 1 1
github.com/agent-project/harness/config/ini_parser.go:54.45,55.12 1 1
github.com/agent-project/harness/config/ini_parser.go:59.3,59.73 1 1
github.com/agent-project/harness/config/ini_parser.go:59.73,61.12 2 1
github.com/agent-project/harness/config/ini_parser.go:65.3,66.14 2 1
github.com/agent-project/harness/config/ini_parser.go:66.14,67.12 1 0
github.com/agent-project/harness/config/ini_parser.go:70.3,75.41 4 1
github.com/agent-project/harness/config/ini_parser.go:75.41,79.46 3 1
github.com/agent-project/harness/config/ini_parser.go:79.46,83.5 2 1
github.com/agent-project/harness/config/ini_parser.go:83.10,87.39 3 1
github.com/agent-project/harness/config/ini_parser.go:87.39,89.6 1 1
github.com/agent-project/harness/config/ini_parser.go:89.11,91.6 1 1
github.com/agent-project/harness/config/ini_parser.go:93.4,93.12 1 1
github.com/agent-project/harness/config/ini_parser.go:97.3,101.53 3 1
github.com/agent-project/harness/config/ini_parser.go:104.2,104.38 1 1
github.com/agent-project/harness/config/ini_parser.go:104.38,106.3 1 0
github.com/agent-project/harness/config/ini_parser.go:108.2,108.17 1 1
github.com/agent-project/harness/config/ini_parser.go:108.17,110.3 1 1
github.com/agent-project/harness/config/ini_parser.go:112.2,112.20 1 1
github.com/agent-project/harness/config/ini_parser.go:116.67,118.16 2 1
github.com/agent-project/harness/config/ini_parser.go:118.16,120.3 1 1
github.com/agent-project/harness/config/ini_parser.go:121.2,121.20 1 1
github.com/agent-project/harness/config/ini_parser.go:125.88,126.35 1 1
github.com/agent-project/harness/config/ini_parser.go:126.35,128.3 1 1
github.com/agent-project/harness/config/ini_parser.go:129.2,129.24 1 1
github.com/agent-project/harness/config/ini_parser.go:134.42,138.32 2 1
github.com/agent-project/harness/config/ini_parser.go:138.32,139.31 1 1
github.com/agent-project/harness/config/ini_parser.go:139.31,140.19 1 1
github.com/agent-project/harness/config/ini_parser.go:140.19,142.5 1 1
github.com/agent-project/harness/config/ini_parser.go:145.3,145.11 1 0
github.com/agent-project/harness/config/ini_parser.go:149.2,149.22 1 1
github.com/agent-project/harness/config/ini_parser.go:149.22,150.27 1 1
github.com/agent-project/harness/config/ini_parser.go:150.27,152.4 1 1
github.com/agent-project/harness/config/ini_parser.go:154.2,154.10 1 1
github.com/agent-project/harness/config/ini_parser.go:158.35,160.54 2 1
github.com/agent-project/harness/config/ini_parser.go:160.54,162.3 1 1
github.com/agent-project/harness/config/ini_parser.go:163.2,163.10 1 1
github.com/agent-project/harness/channellog/channellog.go:32.30,34.15 2 1
github.com/agent-project/harness/channellog/channellog.go:34.15,36.3 1 1
github.com/agent-project/harness/channellog/channellog.go:37.2,37.26 1 1
github.com/agent-project/harness/channellog/channellog.go:43.59,44.14 1 1
github.com/agent-project/harness/channellog/channellog.go:44.14,46.3 1 1
github.com/agent-project/harness/channellog/channellog.go:49.2,49.49 1 1
github.com/agent-project/harness/channellog/channellog.go:49.49,51.3 1 0
github.com/agent-project/harness/channellog/channellog.go:54.2,58.16 4 1
github.com/agent-project/harness/channellog/channellog.go:58.16,60.3 1 0
github.com/agent-project/harness/channellog/channellog.go:63.2,63.27 1 1
github.com/agent-project/harness/channellog/channellog.go:63.27,65.3 1 1
github.com/agent-project/harness/channellog/channellog.go:69.2,70.16 2 1
github.com/agent-project/harness/channellog/channellog.go:70.16,73.3 2 0
github.com/agent-project/harness/channellog/channellog.go:75.2,76.16 2 1
github.com/agent-project/harness/channellog/channellog.go:76.16,79.3 2 0
github.com/agent-project/harness/channellog/channellog.go:81.2,82.16 2 1
github.com/agent-project/harness/channellog/channellog.go:82.16,85.3 2 0
github.com/agent-project/harness/channellog/channellog.go:87.2,87.18 1 1
github.com/agent-project/harness/channellog/channellog.go:91.59,97.2 1 1
github.com/agent-project/harness/channellog/channellog.go:100.60,106.2 1 1
github.com/agent-project/harness/channellog/channellog.go:109.64,115.2 1 1
github.com/agent-project/harness/log/logger.go:27.32,28.11 1 1
github.com/agent-project/harness/log/logger.go:29.18,30.17 1 1
github.com/agent-project/harness/log/logger.go:31.17,32.16 1 1
github.com/agent-project/harness/log/logger.go:33.17,34.16 1 1
github.com/agent-project/harness/log/logger.go:35.18,36.17 1 1
github.com/agent-project/harness/log/logger.go:37.10,38.19 1 0
github.com/agent-project/harness/log/logger.go:43.33,44.28 1 1
github.com/agent-project/harness/log/logger.go:45.15,46.20 1 1
github.com/agent-project/harness/log/logger.go:47.14,48.19 1 1
github.com/agent-project/harness/log/logger.go:49.14,50.19 1 1
github.com/agent-project/harness/log/logger.go:51.15,52.20 1 1
github.com/agent-project/harness/log/logger.go:53.10,54.19 1 1
github.com/agent-project/harness/log/logger.go:67.55,68.50 1 1
github.com/agent-project/harness/log/logger.go:68.50,70.3 1 1
github.com/agent-project/harness/log/logger.go:72.2,73.16 2 1
github.com/agent-project/harness/log/logger.go:73.16,75.3 1 0
github.com/agent-project/harness/log/logger.go:77.2,80.8 1 1
github.com/agent-project/harness/log/logger.go:84.32,87.19 3 1
github.com/agent-project/harness/log/logger.go:87.19,89.3 1 1
github.com/agent-project/harness/log/logger.go:90.2,90.12 1 0
github.com/agent-project/harness/log/logger.go:98.62,99.21 1 1
github.com/agent-project/harness/log/logger.go:99.21,101.3 1 1
github.com/agent-project/harness/log/logger.go:103.2,109.37 5 1
github.com/agent-project/harness/log/logger.go:109.37,111.3 1 1
github.com/agent-project/harness/log/logger.go:113.2,113.17 1 1
github.com/agent-project/harness/log/logger.go:113.17,115.3 1 1
github.com/agent-project/harness/log/logger.go:117.2,117.22 1 1
github.com/agent-project/harness/log/logger.go:121.51,123.2 1 1
github.com/agent-project/harness/log/logger.go:126.50,128.2 1 1
github.com/agent-project/harness/log/logger.go:131.50,133.2 1 1
github.com/agent-project/harness/log/logger.go:136.51,138.2 1 1
github.com/agent-project/harness/log/logger.go:141.49,147.2 1 1
github.com/agent-project/harness/worker/worker.go:47.133,57.2 1 1
github.com/agent-project/harness/worker/worker.go:62.45,66.36 3 1
github.com/agent-project/harness/worker/worker.go:66.36,69.17 3 1
github.com/agent-project/harness/worker/worker.go:69.17,70.12 1 1
github.com/agent-project/harness/worker/worker.go:72.3,73.20 2 1
github.com/agent-project/harness/worker/worker.go:73.20,74.12 1 1
github.com/agent-project/harness/worker/worker.go:76.3,76.91 1 1
github.com/agent-project/harness/worker/worker.go:79.2,79.20 1 1
github.com/agent-project/harness/worker/worker.go:85.43,86.6 1 1
github.com/agent-project/harness/worker/worker.go:86.6,87.10 1 1
github.com/agent-project/harness/worker/worker.go:88.21,89.23 1 1
github.com/agent-project/harness/worker/worker.go:89.23,91.5 1 0
github.com/agent-project/harness/worker/worker.go:92.4,92.10 1 1
github.com/agent-project/harness/worker/worker.go:93.11,93.11 0 1
github.com/agent-project/harness/worker/worker.go:96.3,97.10 2 1
github.com/agent-project/harness/worker/worker.go:97.10,100.12 2 1
github.com/agent-project/harness/worker/worker.go:104.3,104.29 1 1
github.com/agent-project/harness/worker/worker.go:109.73,112.19 2 1
github.com/agent-project/harness/worker/worker.go:112.19,117.3 1 0
github.com/agent-project/harness/worker/worker.go:120.2,124.16 3 1
github.com/agent-project/harness/worker/worker.go:124.16,125.20 1 1
github.com/agent-project/harness/worker/worker.go:125.20,130.4 1 0
github.com/agent-project/harness/worker/worker.go:132.3,132.28 1 1
github.com/agent-project/harness/worker/worker.go:132.28,134.20 2 1
github.com/agent-project/harness/worker/worker.go:134.20,136.5 1 0
github.com/agent-project/harness/worker/worker.go:137.4,137.83 1 1
github.com/agent-project/harness/worker/worker.go:140.3,140.47 1 1
github.com/agent-project/harness/worker/worker.go:140.47,141.21 1 0
github.com/agent-project/harness/worker/worker.go:141.21,146.5 1 0
github.com/agent-project/harness/worker/worker.go:148.3,148.9 1 1
github.com/agent-project/harness/worker/worker.go:152.2,152.46 1 1
github.com/agent-project/harness/worker/worker.go:152.46,153.20 1 0
github.com/agent-project/harness/worker/worker.go:153.20,158.4 1 0
github.com/agent-project/harness/worker/worker.go:162.2,162.27 1 1
github.com/agent-project/harness/worker/worker.go:162.27,163.96 1 1
github.com/agent-project/harness/worker/worker.go:163.96,164.21 1 0
github.com/agent-project/harness/worker/worker.go:164.21,169.5 1 0
github.com/agent-project/harness/client/client.go:25.13,36.17 9 0
github.com/agent-project/harness/client/client.go:36.17,37.19 1 0
github.com/agent-project/harness/client/client.go:37.19,40.4 2 0
github.com/agent-project/harness/client/client.go:41.3,41.24 1 0
github.com/agent-project/harness/client/client.go:43.2,43.18 1 0
github.com/agent-project/harness/client/client.go:43.18,45.17 2 0
github.com/agent-project/harness/client/client.go:45.17,48.4 2 0
github.com/agent-project/harness/client/client.go:49.3,49.62 1 0
github.com/agent-project/harness/client/client.go:49.62,52.4 2 0
github.com/agent-project/harness/client/client.go:53.3,53.28 1 0
github.com/agent-project/harness/client/client.go:56.2,57.19 2 0
github.com/agent-project/harness/client/client.go:57.19,62.3 4 0
github.com/agent-project/harness/client/client.go:65.2,66.22 2 0
github.com/agent-project/harness/client/client.go:66.22,68.17 2 0
github.com/agent-project/harness/client/client.go:68.17,71.4 2 0
github.com/agent-project/harness/client/client.go:72.3,72.41 1 0
github.com/agent-project/harness/client/client.go:72.41,75.4 2 0
github.com/agent-project/harness/client/client.go:76.3,77.17 2 0
github.com/agent-project/harness/client/client.go:77.17,80.4 2 0
github.com/agent-project/harness/client/client.go:81.3,84.4 1 0
github.com/agent-project/harness/client/client.go:88.2,89.16 2 0
github.com/agent-project/harness/client/client.go:89.16,92.3 2 0
github.com/agent-project/harness/client/client.go:95.2,95.81 1 0
github.com/agent-project/harness/client/client.go:95.81,97.3 1 0
github.com/agent-project/harness/client/client.go:99.2,108.28 5 0
github.com/agent-project/harness/client/client.go:108.28,110.17 2 0
github.com/agent-project/harness/client/client.go:110.17,113.4 2 0
github.com/agent-project/harness/client/client.go:114.3,114.13 1 0
github.com/agent-project/harness/client/client.go:114.13,116.4 1 0
github.com/agent-project/harness/client/client.go:117.3,117.13 1 0
github.com/agent-project/harness/client/client.go:120.2,120.32 1 0
github.com/agent-project/harness/client/client.go:120.32,122.17 2 0
github.com/agent-project/harness/client/client.go:122.17,125.4 2 0
github.com/agent-project/harness/client/client.go:126.3,126.13 1 0
github.com/agent-project/harness/client/client.go:126.13,128.4 1 0
github.com/agent-project/harness/client/client.go:129.3,129.13 1 0
github.com/agent-project/harness/client/client.go:133.2,134.16 2 0
github.com/agent-project/harness/client/client.go:134.16,137.3 2 0
github.com/agent-project/harness/client/client.go:139.2,144.12 4 0
github.com/agent-project/harness/client/client.go:144.12,148.3 3 0
github.com/agent-project/harness/client/client.go:150.2,151.16 2 0
github.com/agent-project/harness/client/client.go:151.16,155.3 3 0
github.com/agent-project/harness/client/client.go:157.2,157.12 1 0
github.com/agent-project/harness/client/client.go:157.12,159.3 1 0
github.com/agent-project/harness/client/client.go:161.2,165.13 4 0
github.com/agent-project/harness/client/client.go:165.13,167.3 1 0
github.com/agent-project/harness/client/client.go:168.2,168.28 1 0
github.com/agent-project/harness/client/client.go:194.105,199.23 2 1
github.com/agent-project/harness/client/client.go:199.23,201.3 1 1
github.com/agent-project/harness/client/client.go:202.2,202.25 1 1
github.com/agent-project/harness/client/client.go:202.25,204.3 1 1
github.com/agent-project/harness/client/client.go:206.2,207.16 2 1
github.com/agent-project/harness/client/client.go:207.16,209.3 1 0
github.com/agent-project/harness/client/client.go:211.2,214.16 3 1
github.com/agent-project/harness/client/client.go:214.16,216.3 1 1
github.com/agent-project/harness/client/client.go:217.2,219.53 2 1
github.com/agent-project/harness/client/client.go:219.53,221.3 1 1
github.com/agent-project/harness/client/client.go:223.2,223.12 1 1
github.com/agent-project/harness/client/client.go:234.51,236.16 2 1
github.com/agent-project/harness/client/client.go:236.16,238.3 1 0
github.com/agent-project/harness/client/client.go:240.2,249.12 4 1
github.com/agent-project/harness/client/client.go:249.12,251.3 1 1
github.com/agent-project/harness/client/client.go:253.2,253.15 1 1
github.com/agent-project/harness/client/client.go:256.76,257.33 1 1
github.com/agent-project/harness/client/client.go:257.33,260.3 2 1
github.com/agent-project/harness/client/client.go:262.2,263.62 2 1
github.com/agent-project/harness/client/client.go:263.62,266.3 2 1
github.com/agent-project/harness/client/client.go:271.2,273.9 3 1
github.com/agent-project/harness/client/client.go:274.20,274.20 0 1
github.com/agent-project/harness/client/client.go:275.10,275.10 0 0
github.com/agent-project/harness/client/client.go:279.33,280.18 1 1
github.com/agent-project/harness/client/client.go:280.18,282.3 1 1
github.com/agent-project/harness/client/client.go:287.90,288.34 1 1
github.com/agent-project/harness/client/client.go:288.34,289.30 1 1
github.com/agent-project/harness/client/client.go:289.30,291.4 1 1
github.com/agent-project/harness/client/client.go:293.2,293.21 1 1
github.com/agent-project/harness/client/client.go:296.91,297.34 1 1
github.com/agent-project/harness/client/client.go:297.34,298.30 1 1
github.com/agent-project/harness/client/client.go:298.30,300.18 2 1
github.com/agent-project/harness/client/client.go:300.18,302.5 1 1
github.com/agent-project/harness/client/client.go:305.2,305.21 1 1
github.com/agent-project/harness/client/client.go:312.46,315.6 2 0
github.com/agent-project/harness/client/client.go:315.6,317.18 2 0
github.com/agent-project/harness/client/client.go:317.18,318.9 1 0
github.com/agent-project/harness/client/client.go:320.3,321.16 2 0
github.com/agent-project/harness/client/client.go:321.16,322.9 1 0
github.com/agent-project/harness/client/client.go:324.3,325.41 2 0
github.com/agent-project/harness/client/client.go:329.2,335.41 3 0
github.com/agent-project/harness/client/client.go:335.41,337.3 1 0
github.com/agent-project/harness/client/client.go:340.2,341.18 2 0
github.com/agent-project/harness/client/client.go:341.18,343.3 1 0
github.com/agent-project/harness/client/client.go:344.2,344.22 1 0
github.com/agent-project/harness/client/client.go:349.61,350.6 1 0
github.com/agent-project/harness/client/client.go:350.6,352.18 2 0
github.com/agent-project/harness/client/client.go:352.18,353.9 1 0
github.com/agent-project/harness/client/client.go:356.3,356.38 1 0
github.com/agent-project/harness/client/client.go:356.38,358.4 1 0
github.com/agent-project/harness/client/client.go:359.3,360.16 2 0
github.com/agent-project/harness/client/client.go:360.16,361.9 1 0
github.com/agent-project/harness/client/client.go:363.3,365.38 2 0
github.com/agent-project/harness/client/client.go:365.38,367.4 1 0
github.com/agent-project/harness/client/client.go:368.3,368.26 1 0
github.com/agent-project/harness/client/client.go:370.2,370.10 1 0
github.com/agent-project/harness/queue/queue.go:35.51,41.2 1 1
github.com/agent-project/harness/queue/queue.go:45.54,51.42 4 1
github.com/agent-project/harness/queue/queue.go:51.42,52.22 1 1
github.com/agent-project/harness/queue/queue.go:52.22,58.4 1 1
github.com/agent-project/harness/queue/queue.go:59.3,59.31 1 1
github.com/agent-project/harness/queue/queue.go:62.2,65.16 3 1
github.com/agent-project/harness/queue/queue.go:70.43,74.23 3 1
github.com/agent-project/harness/queue/queue.go:74.23,76.3 1 1
github.com/agent-project/harness/queue/queue.go:78.2,82.18 4 1
github.com/agent-project/harness/queue/queue.go:86.45,90.2 3 1
github.com/agent-project/harness/queue/queue.go:93.27,97.2 3 1
github.com/agent-project/harness/queue/queue.go:100.37,107.2 5 1
github.com/agent-project/harness/queue/queue.go:110.25,115.2 4 1
github.com/agent-project/harness/agent/agent.go:42.273,57.2 1 1
github.com/agent-project/harness/agent/agent.go:62.153,67.25 2 1
github.com/agent-project/harness/agent/agent.go:67.25,69.3 1 1
github.com/agent-project/harness/agent/agent.go:70.2,78.43 5 1
github.com/agent-project/harness/agent/agent.go:78.43,80.70 1 1
github.com/agent-project/harness/agent/agent.go:80.70,82.4 1 1
github.com/agent-project/harness/agent/agent.go:85.3,90.20 4 1
github.com/agent-project/harness/agent/agent.go:90.20,92.18 2 1
github.com/agent-project/harness/agent/agent.go:92.18,94.5 1 0
github.com/agent-project/harness/agent/agent.go:95.4,95.20 1 1
github.com/agent-project/harness/agent/agent.go:99.3,100.17 2 1
github.com/agent-project/harness/agent/agent.go:100.17,101.21 1 1
github.com/agent-project/harness/agent/agent.go:101.21,103.5 1 0
github.com/agent-project/harness/agent/agent.go:107.4,107.19 1 1
github.com/agent-project/harness/agent/agent.go:107.19,114.36 2 1
github.com/agent-project/harness/agent/agent.go:114.36,116.6 1 1
github.com/agent-project/harness/agent/agent.go:117.5,117.27 1 1
github.com/agent-project/harness/agent/agent.go:117.27,119.6 1 1
github.com/agent-project/harness/agent/agent.go:120.5,120.116 1 1
github.com/agent-project/harness/agent/agent.go:123.4,123.86 1 1
github.com/agent-project/harness/agent/agent.go:127.3,127.34 1 1
github.com/agent-project/harness/agent/agent.go:127.34,128.44 1 0
github.com/agent-project/harness/agent/agent.go:128.44,130.5 1 0
github.com/agent-project/harness/agent/agent.go:131.4,131.70 1 0
github.com/agent-project/harness/agent/agent.go:135.3,135.25 1 1
github.com/agent-project/harness/agent/agent.go:135.25,136.44 1 1
github.com/agent-project/harness/agent/agent.go:136.44,138.5 1 0
github.com/agent-project/harness/agent/agent.go:139.4,139.36 1 1
github.com/agent-project/harness/agent/agent.go:143.3,143.31 1 1
github.com/agent-project/harness/agent/agent.go:143.31,150.26 2 1
github.com/agent-project/harness/agent/agent.go:150.26,152.5 1 1
github.com/agent-project/harness/agent/agent.go:153.4,153.9 1 1
github.com/agent-project/harness/agent/agent.go:157.3,158.37 2 1
github.com/agent-project/harness/agent/agent.go:158.37,166.4 4 1
github.com/agent-project/harness/agent/agent.go:167.3,175.37 2 1
github.com/agent-project/harness/agent/agent.go:175.37,176.39 1 1
github.com/agent-project/harness/agent/agent.go:176.39,179.5 1 0
github.com/agent-project/harness/agent/agent.go:181.4,184.18 3 1
github.com/agent-project/harness/agent/agent.go:184.18,185.40 1 1
github.com/agent-project/harness/agent/agent.go:185.40,187.6 1 0
github.com/agent-project/harness/agent/agent.go:188.5,188.25 1 1
github.com/agent-project/harness/agent/agent.go:191.4,191.39 1 1
github.com/agent-project/harness/agent/agent.go:191.39,193.5 1 0
github.com/agent-project/harness/agent/agent.go:196.4,209.28 5 1
github.com/agent-project/harness/agent/agent.go:209.28,211.5 1 0
github.com/agent-project/harness/agent/agent.go:212.4,212.50 1 1
github.com/agent-project/harness/agent/agent.go:220.2,221.88 2 1
github.com/agent-project/harness/agent/agent.go:221.88,222.20 1 1
github.com/agent-project/harness/agent/agent.go:222.20,224.4 1 0
github.com/agent-project/harness/agent/agent.go:225.3,229.97 2 1
github.com/agent-project/harness/agent/agent.go:232.2,232.29 1 1
github.com/agent-project/harness/agent/agent.go:238.106,239.26 1 1
github.com/agent-project/harness/agent/agent.go:239.26,241.3 1 0
github.com/agent-project/harness/agent/agent.go:243.2,246.26 3 1
github.com/agent-project/harness/agent/agent.go:246.26,248.3 1 1
github.com/agent-project/harness/agent/agent.go:250.2,250.38 1 1
github.com/agent-project/harness/agent/agent.go:255.84,259.19 2 1
github.com/agent-project/harness/agent/agent.go:259.19,264.3 1 0
github.com/agent-project/harness/agent/agent.go:265.2,275.19 3 1
github.com/agent-project/harness/agent/agent.go:275.19,276.20 1 0
github.com/agent-project/harness/agent/agent.go:276.20,278.4 1 0
github.com/agent-project/harness/agent/agent.go:279.3,279.13 1 0
github.com/agent-project/harness/agent/agent.go:283.2,285.26 3 1
github.com/agent-project/harness/agent/agent.go:285.26,290.3 4 1
github.com/agent-project/harness/agent/agent.go:293.2,294.16 2 1
github.com/agent-project/harness/agent/agent.go:294.16,296.20 2 1
github.com/agent-project/harness/agent/agent.go:296.20,298.4 1 0
github.com/agent-project/harness/agent/agent.go:299.3,310.61 3 1
github.com/agent-project/harness/agent/agent.go:313.2,314.23 2 1
github.com/agent-project/harness/agent/agent.go:314.23,316.3 1 0
github.com/agent-project/harness/agent/agent.go:317.2,317.23 1 1
github.com/agent-project/harness/agent/agent.go:317.23,319.20 2 0
github.com/agent-project/harness/agent/agent.go:319.20,321.4 1 0
github.com/agent-project/harness/agent/agent.go:322.3,332.80 3 0
github.com/agent-project/harness/agent/agent.go:336.2,345.19 5 1
github.com/agent-project/harness/agent/agent.go:345.19,351.3 1 0
github.com/agent-project/harness/agent/agent.go:352.2,359.12 2 1
github.com/agent-project/harness/agent/agent.go:363.77,365.36 2 1
github.com/agent-project/harness/agent/agent.go:365.36,367.36 2 1
github.com/agent-project/harness/agent/agent.go:367.36,370.4 2 1
github.com/agent-project/harness/agent/agent.go:371.3,373.54 2 1
github.com/agent-project/harness/agent/agent.go:375.2,375.14 1 1
github.com/agent-project/harness/agent/agent.go:381.120,382.52 1 1
github.com/agent-project/harness/agent/agent.go:382.52,384.3 1 1
github.com/agent-project/harness/agent/agent.go:386.2,392.35 5 1
github.com/agent-project/harness/agent/agent.go:392.35,393.39 1 1
github.com/agent-project/harness/agent/agent.go:393.39,395.4 1 0
github.com/agent-project/harness/agent/agent.go:395.9,397.4 1 1
github.com/agent-project/harness/agent/agent.go:400.2,401.24 2 1
github.com/agent-project/harness/agent/agent.go:401.24,403.3 1 0
github.com/agent-project/harness/agent/agent.go:405.2,405.28 1 1
github.com/agent-project/harness/agent/agent.go:411.73,413.64 2 1
github.com/agent-project/harness/agent/agent.go:413.64,415.3 1 1
github.com/agent-project/harness/agent/agent.go:417.2,418.9 2 0
github.com/agent-project/harness/agent/agent.go:418.9,420.3 1 0
github.com/agent-project/harness/agent/agent.go:422.2,423.16 2 0
github.com/agent-project/harness/agent/agent.go:423.16,425.3 1 0
github.com/agent-project/harness/agent/agent.go:427.2,428.55 2 0
github.com/agent-project/harness/agent/agent.go:428.55,430.3 1 0
github.com/agent-project/harness/agent/agent.go:433.2,433.45 1 0
github.com/agent-project/harness/agent/agent.go:433.45,435.3 1 0
github.com/agent-project/harness/agent/agent.go:436.2,436.43 1 0
github.com/agent-project/harness/agent/agent.go:440.89,446.36 3 1
github.com/agent-project/harness/agent/agent.go:446.36,449.3 2 1
github.com/agent-project/harness/agent/agent.go:451.2,451.13 1 1
github.com/agent-project/harness/agent/agent.go:455.77,457.30 1 1
github.com/agent-project/harness/agent/agent.go:457.30,459.3 1 1
github.com/agent-project/harness/agent/agent.go:462.2,465.28 3 1
github.com/agent-project/harness/agent/agent.go:465.28,466.36 1 1
github.com/agent-project/harness/agent/agent.go:466.36,474.4 4 1
github.com/agent-project/harness/agent/agent.go:477.2,477.26 1 1
github.com/agent-project/harness/agent/agent.go:477.26,479.3 1 1
github.com/agent-project/harness/agent/agent.go:481.2,481.15 1 1
github.com/agent-project/harness/agent/agent.go:486.82,490.23 2 1
github.com/agent-project/harness/agent/agent.go:490.23,495.3 1 1
github.com/agent-project/harness/agent/agent.go:498.2,498.38 1 1
github.com/agent-project/harness/agent/agent.go:498.38,500.3 1 1
github.com/agent-project/harness/agent/agent.go:503.2,511.28 3 1
github.com/agent-project/harness/agent/agent.go:511.28,512.36 1 0
github.com/agent-project/harness/agent/agent.go:512.36,520.4 4 0
github.com/agent-project/harness/agent/agent.go:523.2,523.26 1 1
github.com/agent-project/harness/agent/agent.go:523.26,525.3 1 0
github.com/agent-project/harness/agent/agent.go:527.2,527.15 1 1
github.com/agent-project/harness/sandbox/sandbox.go:12.52,14.16 2 1
github.com/agent-project/harness/sandbox/sandbox.go:14.16,16.3 1 0
github.com/agent-project/harness/sandbox/sandbox.go:18.2,19.16 2 1
github.com/agent-project/harness/sandbox/sandbox.go:19.16,22.3 1 1
github.com/agent-project/harness/sandbox/sandbox.go:24.2,24.22 1 1
github.com/agent-project/harness/sandbox/sandbox.go:33.43,48.2 13 0
github.com/agent-project/harness/sandbox/sandbox.go:59.62,61.29 1 1
github.com/agent-project/harness/sandbox/sandbox.go:61.29,63.3 1 1
github.com/agent-project/harness/sandbox/sandbox.go:66.2,67.16 2 1
github.com/agent-project/harness/sandbox/sandbox.go:67.16,69.3 1 0
github.com/agent-project/harness/sandbox/sandbox.go:72.2,73.16 2 1
github.com/agent-project/harness/sandbox/sandbox.go:73.16,78.23 3 1
github.com/agent-project/harness/sandbox/sandbox.go:78.23,80.4 1 0
github.com/agent-project/harness/sandbox/sandbox.go:80.9,82.4 1 1
github.com/agent-project/harness/sandbox/sandbox.go:88.2,89.16 2 1
github.com/agent-project/harness/sandbox/sandbox.go:89.16,91.3 1 0
github.com/agent-project/harness/sandbox/sandbox.go:92.2,98.35 3 1
github.com/agent-project/harness/sandbox/sandbox.go:98.35,100.3 1 1
github.com/agent-project/harness/sandbox/sandbox.go:103.2,103.28 1 1
github.com/agent-project/harness/sandbox/sandbox.go:103.28,105.3 1 0
github.com/agent-project/harness/sandbox/sandbox.go:107.2,107.42 1 1
github.com/agent-project/harness/sandbox/sandbox.go:107.42,109.3 1 1
github.com/agent-project/harness/sandbox/sandbox.go:111.2,111.40 1 1
github.com/agent-project/harness/webhook/callback.go:25.85,30.16 2 1
github.com/agent-project/harness/webhook/callback.go:30.16,32.3 1 0
github.com/agent-project/harness/webhook/callback.go:34.2,35.16 2 1
github.com/agent-project/harness/webhook/callback.go:35.16,36.20 1 0
github.com/agent-project/harness/webhook/callback.go:36.20,41.4 1 0
github.com/agent-project/harness/webhook/callback.go:42.3,42.56 1 0
github.com/agent-project/harness/webhook/callback.go:44.2,51.16 4 1
github.com/agent-project/harness/webhook/callback.go:51.16,52.20 1 1
github.com/agent-project/harness/webhook/callback.go:52.20,57.38 2 0
github.com/agent-project/harness/webhook/callback.go:57.38,59.5 1 0
github.com/agent-project/harness/webhook/callback.go:61.3,61.55 1 1
github.com/agent-project/harness/webhook/callback.go:63.2,68.53 3 1
github.com/agent-project/harness/webhook/callback.go:68.53,69.20 1 1
github.com/agent-project/harness/webhook/callback.go:69.20,74.38 2 0
github.com/agent-project/harness/webhook/callback.go:74.38,77.5 2 0
github.com/agent-project/harness/webhook/callback.go:79.3,79.86 1 1
github.com/agent-project/harness/webhook/callback.go:82.2,82.19 1 1
github.com/agent-project/harness/webhook/callback.go:82.19,87.3 1 0
github.com/agent-project/harness/webhook/callback.go:89.2,89.12 1 1
github.com/agent-project/harness/webhook/server.go:35.171,46.2 1 1
github.com/agent-project/harness/webhook/server.go:49.51,61.16 6 0
github.com/agent-project/harness/webhook/server.go:61.16,63.3 1 0
github.com/agent-project/harness/webhook/server.go:65.2,65.19 1 0
github.com/agent-project/harness/webhook/server.go:65.19,67.3 1 0
github.com/agent-project/harness/webhook/server.go:70.2,70.12 1 0
github.com/agent-project/harness/webhook/server.go:70.12,71.75 1 0
github.com/agent-project/harness/webhook/server.go:71.75,72.21 1 0
github.com/agent-project/harness/webhook/server.go:72.21,74.5 1 0
github.com/agent-project/harness/webhook/server.go:79.2,80.12 2 0
github.com/agent-project/harness/webhook/server.go:84.31,86.21 2 0
github.com/agent-project/harness/webhook/server.go:86.21,88.3 1 0
github.com/agent-project/harness/webhook/server.go:89.2,89.12 1 0
github.com/agent-project/harness/webhook/server.go:93.72,97.23 2 1
github.com/agent-project/harness/webhook/server.go:97.23,101.3 3 1
github.com/agent-project/harness/webhook/server.go:103.2,103.33 1 1
github.com/agent-project/harness/webhook/server.go:103.33,106.3 2 1
github.com/agent-project/harness/webhook/server.go:109.2,118.62 3 1
github.com/agent-project/harness/webhook/server.go:118.62,122.3 3 1
github.com/agent-project/harness/webhook/server.go:124.2,124.24 1 1
github.com/agent-project/harness/webhook/server.go:124.24,128.3 3 1
github.com/agent-project/harness/webhook/server.go:130.2,130.29 1 1
github.com/agent-project/harness/webhook/server.go:130.29,134.3 3 1
github.com/agent-project/harness/webhook/server.go:136.2,136.24 1 1
github.com/agent-project/harness/webhook/server.go:136.24,140.3 3 1
github.com/agent-project/harness/webhook/server.go:142.2,142.28 1 1
github.com/agent-project/harness/webhook/server.go:142.28,144.85 2 1
github.com/agent-project/harness/webhook/server.go:144.85,148.4 3 1
github.com/agent-project/harness/webhook/server.go:152.2,154.34 2 1
github.com/agent-project/harness/webhook/server.go:154.34,156.3 1 0
github.com/agent-project/harness/webhook/server.go:157.2,157.19 1 1
github.com/agent-project/harness/webhook/server.go:157.19,159.3 1 0
github.com/agent-project/harness/webhook/server.go:161.2,166.33 2 1
github.com/agent-project/harness/webhook/server.go:166.33,168.3 1 1
github.com/agent-project/harness/webhook/server.go:170.2,171.21 2 1
github.com/agent-project/harness/webhook/server.go:171.21,173.29 1 1
github.com/agent-project/harness/webhook/server.go:173.29,175.4 1 1
github.com/agent-project/harness/webhook/server.go:176.3,178.9 3 1
github.com/agent-project/harness/webhook/server.go:181.2,182.29 2 1
github.com/agent-project/harness/session/session.go:41.69,47.2 2 1
github.com/agent-project/harness/session/session.go:75.43,80.2 1 1
github.com/agent-project/harness/session/session.go:83.35,87.54 3 1
github.com/agent-project/harness/session/session.go:87.54,89.3 1 0
github.com/agent-project/harness/session/session.go:91.2,92.16 2 1
github.com/agent-project/harness/session/session.go:92.16,94.3 1 0
github.com/agent-project/harness/session/session.go:96.2,96.32 1 1
github.com/agent-project/harness/session/session.go:96.32,97.20 1 1
github.com/agent-project/harness/session/session.go:97.20,98.12 1 0
github.com/agent-project/harness/session/session.go:100.3,101.36 2 1
github.com/agent-project/harness/session/session.go:101.36,102.12 1 1
github.com/agent-project/harness/session/session.go:105.3,107.17 3 1
github.com/agent-project/harness/session/session.go:107.17,109.4 1 0
github.com/agent-project/harness/session/session.go:111.3,112.50 2 1
github.com/agent-project/harness/session/session.go:112.50,114.4 1 0
github.com/agent-project/harness/session/session.go:116.3,116.31 1 1
github.com/agent-project/harness/session/session.go:119.2,119.12 1 1
github.com/agent-project/harness/session/session.go:124.50,125.41 1 1
github.com/agent-project/harness/session/session.go:125.41,127.3 1 1
github.com/agent-project/harness/session/session.go:129.2,133.9 4 1
github.com/agent-project/harness/session/session.go:133.9,142.3 3 1
github.com/agent-project/harness/session/session.go:144.2,144.10 1 1
github.com/agent-project/harness/session/session.go:148.46,150.16 2 1
github.com/agent-project/harness/session/session.go:150.16,152.3 1 0
github.com/agent-project/harness/session/session.go:154.2,154.54 1 1
github.com/agent-project/harness/session/session.go:154.54,156.3 1 0
github.com/agent-project/harness/session/session.go:158.2,162.58 4 1
github.com/agent-project/harness/session/session.go:162.58,164.3 1 0
github.com/agent-project/harness/session/session.go:166.2,166.54 1 1
github.com/agent-project/harness/session/session.go:166.54,168.3 1 0
github.com/agent-project/harness/session/session.go:170.2,170.12 1 1
github.com/agent-project/harness/session/session.go:176.42,178.43 2 1
github.com/agent-project/harness/session/session.go:178.43,181.3 2 1
github.com/agent-project/harness/session/session.go:182.2,186.22 4 1
github.com/agent-project/harness/session/session.go:190.35,193.31 3 1
github.com/agent-project/harness/session/session.go:193.31,195.3 1 1
github.com/agent-project/harness/session/session.go:196.2,198.29 2 1
github.com/agent-project/harness/session/session.go:198.29,200.39 2 1
github.com/agent-project/harness/session/session.go:200.39,202.4 1 0
github.com/agent-project/harness/session/session.go:205.2,205.12 1 1
github.com/agent-project/harness/session/session.go:211.97,214.9 3 1
github.com/agent-project/harness/session/session.go:214.9,223.3 3 1
github.com/agent-project/harness/session/session.go:224.2,228.27 2 1
github.com/agent-project/harness/session/session.go:228.27,230.3 1 1
github.com/agent-project/harness/session/session.go:231.2,235.16 4 1
github.com/agent-project/harness/session/session.go:235.16,238.3 2 0
github.com/agent-project/harness/session/session.go:239.2,241.54 2 1
github.com/agent-project/harness/session/session.go:241.54,243.3 1 0
github.com/agent-project/harness/session/session.go:245.2,249.58 4 1
github.com/agent-project/harness/session/session.go:249.58,251.3 1 0
github.com/agent-project/harness/session/session.go:253.2,253.54 1 1
github.com/agent-project/harness/session/session.go:253.54,255.3 1 0
github.com/agent-project/harness/session/session.go:257.2,257.12 1 1
github.com/agent-project/harness/session/session.go:261.54,262.26 1 0
github.com/agent-project/harness/session/session.go:262.26,264.3 1 0
github.com/agent-project/harness/session/session.go:265.2,265.39 1 0
github.com/agent-project/harness/session/session.go:269.49,274.2 4 1
github.com/agent-project/harness/session/session.go:277.31,281.2 3 1
github.com/agent-project/harness/imageutil/imageutil.go:23.37,24.36 1 0
github.com/agent-project/harness/imageutil/imageutil.go:24.36,25.32 1 0
github.com/agent-project/harness/imageutil/imageutil.go:25.32,27.30 2 0
github.com/agent-project/harness/imageutil/imageutil.go:27.30,28.31 1 0
github.com/agent-project/harness/imageutil/imageutil.go:28.31,30.11 2 0
github.com/agent-project/harness/imageutil/imageutil.go:33.4,33.13 1 0
github.com/agent-project/harness/imageutil/imageutil.go:33.13,35.5 1 0
github.com/agent-project/harness/imageutil/imageutil.go:38.2,38.11 1 0
github.com/agent-project/harness/llm/client.go:34.107,46.2 1 1
github.com/agent-project/harness/llm/client.go:60.51,66.2 2 1
github.com/agent-project/harness/llm/client.go:97.129,107.16 3 1
github.com/agent-project/harness/llm/client.go:107.16,109.3 1 0
github.com/agent-project/harness/llm/client.go:111.2,113.16 3 1
github.com/agent-project/harness/llm/client.go:113.16,115.3 1 0
github.com/agent-project/harness/llm/client.go:117.2,118.20 2 1
github.com/agent-project/harness/llm/client.go:118.20,120.3 1 1
github.com/agent-project/harness/llm/client.go:122.2,122.21 1 1
github.com/agent-project/harness/llm/client.go:122.21,124.3 1 1
github.com/agent-project/harness/llm/client.go:126.2,127.16 2 1
github.com/agent-project/harness/llm/client.go:127.16,129.3 1 1
github.com/agent-project/harness/llm/client.go:130.2,132.38 2 1
github.com/agent-project/harness/llm/client.go:132.38,135.3 2 1
github.com/agent-project/harness/llm/client.go:137.2,138.33 2 1
github.com/agent-project/harness/llm/client.go:138.33,140.41 2 1
github.com/agent-project/harness/llm/client.go:140.41,142.4 1 1
github.com/agent-project/harness/llm/client.go:143.3,143.80 1 0
github.com/agent-project/harness/llm/client.go:145.2,145.20 1 1
github.com/agent-project/harness/llm/client.go:151.59,152.83 1 1
github.com/agent-project/harness/llm/client.go:152.83,154.3 1 0
github.com/agent-project/harness/llm/client.go:156.2,161.33 5 1
github.com/agent-project/harness/llm/client.go:161.33,165.3 3 1
github.com/agent-project/harness/llm/client.go:166.2,166.24 1 1
github.com/agent-project/harness/llm/client.go:166.24,168.3 1 1
github.com/agent-project/harness/llm/client.go:169.2,169.29 1 1
github.com/agent-project/harness/llm/client.go:169.29,170.37 1 0
github.com/agent-project/harness/llm/client.go:170.37,173.4 1 0
github.com/agent-project/harness/llm/client.go:176.2,177.16 2 1
github.com/agent-project/harness/llm/client.go:177.16,178.22 1 0
github.com/agent-project/harness/llm/client.go:178.22,181.4 1 0
github.com/agent-project/harness/llm/client.go:182.3,182.9 1 0
github.com/agent-project/harness/llm/client.go:184.2,186.55 2 1
github.com/agent-project/harness/llm/client.go:186.55,187.22 1 0
github.com/agent-project/harness/llm/client.go:187.22,190.4 1 0
github.com/agent-project/harness/llm/client.go:191.3,191.9 1 0
github.com/agent-project/harness/llm/client.go:194.2,194.21 1 1
github.com/agent-project/harness/llm/client.go:194.21,200.3 1 0
github.com/agent-project/harness/llm/client.go:245.97,262.21 7 1
github.com/agent-project/harness/llm/client.go:262.21,265.17 2 1
github.com/agent-project/harness/llm/client.go:265.17,266.12 1 1
github.com/agent-project/harness/llm/client.go:269.3,269.41 1 1
github.com/agent-project/harness/llm/client.go:269.41,270.12 1 0
github.com/agent-project/harness/llm/client.go:273.3,275.23 2 1
github.com/agent-project/harness/llm/client.go:275.23,276.9 1 1
github.com/agent-project/harness/llm/client.go:279.3,280.62 2 1
github.com/agent-project/harness/llm/client.go:280.62,281.21 1 1
github.com/agent-project/harness/llm/client.go:281.21,284.5 1 1
github.com/agent-project/harness/llm/client.go:285.4,285.12 1 1
github.com/agent-project/harness/llm/client.go:288.3,288.40 1 1
github.com/agent-project/harness/llm/client.go:288.40,290.44 1 1
github.com/agent-project/harness/llm/client.go:290.44,292.5 1 1
github.com/agent-project/harness/llm/client.go:295.4,295.35 1 1
github.com/agent-project/harness/llm/client.go:295.35,297.5 1 1
github.com/agent-project/harness/llm/client.go:300.4,300.46 1 1
github.com/agent-project/harness/llm/client.go:300.46,303.12 3 1
github.com/agent-project/harness/llm/client.go:303.12,306.6 2 1
github.com/agent-project/harness/llm/client.go:308.5,308.41 1 1
github.com/agent-project/harness/llm/client.go:308.41,310.6 1 1
github.com/agent-project/harness/llm/client.go:311.5,311.49 1 1
github.com/agent-project/harness/llm/client.go:311.49,313.6 1 1
github.com/agent-project/harness/llm/client.go:314.5,314.27 1 1
github.com/agent-project/harness/llm/client.go:314.27,315.55 1 1
github.com/agent-project/harness/llm/client.go:315.55,317.7 1 1
github.com/agent-project/harness/llm/client.go:318.6,318.59 1 1
github.com/agent-project/harness/llm/client.go:325.2,326.38 2 1
github.com/agent-project/harness/llm/client.go:326.38,334.3 4 1
github.com/agent-project/harness/llm/client.go:336.2,336.38 1 1
github.com/agent-project/harness/llm/client.go:336.38,339.37 1 1
github.com/agent-project/harness/llm/client.go:339.37,345.4 1 1
github.com/agent-project/harness/llm/client.go:348.3,352.49 1 1
github.com/agent-project/harness/llm/client.go:355.2,359.8 1 1
github.com/agent-project/harness/llm/client.go:365.55,366.19 1 1
github.com/agent-project/harness/llm/client.go:366.19,368.3 1 1
github.com/agent-project/harness/llm/client.go:371.2,371.35 1 1
github.com/agent-project/harness/main.go:25.13,31.16 4 0
github.com/agent-project/harness/main.go:31.16,34.3 2 0
github.com/agent-project/harness/main.go:36.2,36.39 1 0
github.com/agent-project/harness/main.go:36.39,39.3 2 0
github.com/agent-project/harness/main.go:42.2,43.16 2 0
github.com/agent-project/harness/main.go:43.16,46.3 2 0
github.com/agent-project/harness/main.go:47.2,51.16 3 0
github.com/agent-project/harness/main.go:51.16,55.3 3 0
github.com/agent-project/harness/main.go:58.2,62.43 3 0
github.com/agent-project/harness/main.go:62.43,64.3 1 0
github.com/agent-project/harness/main.go:67.2,115.12 13 0
github.com/agent-project/harness/main.go:115.12,116.39 1 0
github.com/agent-project/harness/main.go:116.39,118.4 1 0
github.com/agent-project/harness/main.go:122.2,124.12 3 0
github.com/agent-project/harness/main.go:124.12,127.3 2 0
github.com/agent-project/harness/main.go:129.2,148.34 7 0
github.com/agent-project/harness/main.go:148.34,150.3 1 0
github.com/agent-project/harness/main.go:153.2,161.30 4 0
github.com/agent-project/harness/main.go:161.30,162.100 1 0
github.com/agent-project/harness/main.go:162.100,167.4 1 0
github.com/agent-project/harness/main.go:167.9,169.4 1 0
github.com/agent-project/harness/main.go:173.2,173.43 1 0
github.com/agent-project/harness/main.go:173.43,175.3 1 0
github.com/agent-project/harness/main.go:175.8,177.3 1 0
github.com/agent-project/harness/main.go:180.2,182.44 2 0
github.com/agent-project/harness/tools/bash_tool.go:14.108,15.14 1 1
github.com/agent-project/harness/tools/bash_tool.go:15.14,17.3 1 1
github.com/agent-project/harness/tools/bash_tool.go:19.2,41.53 3 1
github.com/agent-project/harness/tools/bash_tool.go:41.53,43.4 1 1
github.com/agent-project/harness/tools/bash_tool.go:54.95,56.16 2 1
github.com/agent-project/harness/tools/bash_tool.go:56.16,58.3 1 1
github.com/agent-project/harness/tools/bash_tool.go:61.2,61.35 1 1
github.com/agent-project/harness/tools/bash_tool.go:61.35,63.3 1 1
github.com/agent-project/harness/tools/bash_tool.go:66.2,67.44 2 1
github.com/agent-project/harness/tools/bash_tool.go:67.44,69.30 2 1
github.com/agent-project/harness/tools/bash_tool.go:69.30,71.4 1 1
github.com/agent-project/harness/tools/bash_tool.go:75.2,87.34 9 1
github.com/agent-project/harness/tools/bash_tool.go:87.34,89.44 1 1
github.com/agent-project/harness/tools/bash_tool.go:89.44,91.24 2 1
github.com/agent-project/harness/tools/bash_tool.go:91.24,93.5 1 0
github.com/agent-project/harness/tools/bash_tool.go:94.4,94.19 1 1
github.com/agent-project/harness/tools/bash_tool.go:98.3,99.23 2 1
github.com/agent-project/harness/tools/bash_tool.go:99.23,101.4 1 1
github.com/agent-project/harness/tools/bash_tool.go:102.3,102.23 1 1
github.com/agent-project/harness/tools/bash_tool.go:102.23,103.20 1 0
github.com/agent-project/harness/tools/bash_tool.go:103.20,105.5 1 0
github.com/agent-project/harness/tools/bash_tool.go:106.4,106.75 1 0
github.com/agent-project/harness/tools/bash_tool.go:108.3,108.19 1 1
github.com/agent-project/harness/tools/bash_tool.go:108.19,110.4 1 0
github.com/agent-project/harness/tools/bash_tool.go:112.3,112.21 1 1
github.com/agent-project/harness/tools/bash_tool.go:115.2,116.22 2 1
github.com/agent-project/harness/tools/bash_tool.go:116.22,117.19 1 1
github.com/agent-project/harness/tools/bash_tool.go:117.19,119.4 1 1
github.com/agent-project/harness/tools/bash_tool.go:120.3,120.41 1 1
github.com/agent-project/harness/tools/bash_tool.go:123.2,123.51 1 1
github.com/agent-project/harness/tools/bash_tool.go:127.53,133.27 3 1
github.com/agent-project/harness/tools/bash_tool.go:133.27,134.22 1 1
github.com/agent-project/harness/tools/bash_tool.go:134.22,136.4 1 1
github.com/agent-project/harness/tools/bash_tool.go:138.2,138.14 1 1
github.com/agent-project/harness/tools/bash_tool.go:143.47,145.19 2 1
github.com/agent-project/harness/tools/bash_tool.go:145.19,147.3 1 1
github.com/agent-project/harness/tools/bash_tool.go:151.2,152.27 2 1
github.com/agent-project/harness/tools/bash_tool.go:152.27,154.30 2 1
github.com/agent-project/harness/tools/bash_tool.go:154.30,155.9 1 1
github.com/agent-project/harness/tools/bash_tool.go:157.3,157.10 1 0
github.com/agent-project/harness/tools/bash_tool.go:159.2,159.27 1 1
github.com/agent-project/harness/tools/bash_tool.go:159.27,161.3 1 0
github.com/agent-project/harness/tools/bash_tool.go:164.2,165.25 2 1
github.com/agent-project/harness/tools/bash_tool.go:165.25,170.82 2 1
github.com/agent-project/harness/tools/bash_tool.go:170.82,171.9 1 1
github.com/agent-project/harness/tools/bash_tool.go:173.3,173.8 1 1
github.com/agent-project/harness/tools/bash_tool.go:176.2,176.27 1 1
github.com/agent-project/harness/tools/bash_tool.go:180.57,182.29 1 1
github.com/agent-project/harness/tools/bash_tool.go:182.29,184.3 1 1
github.com/agent-project/harness/tools/bash_tool.go:187.2,189.30 3 1
github.com/agent-project/harness/tools/bash_tool.go:189.30,192.3 1 0
github.com/agent-project/harness/tools/bash_tool.go:194.2,194.92 1 1
github.com/agent-project/harness/tools/file_tools.go:17.39,31.53 2 1
github.com/agent-project/harness/tools/file_tools.go:31.53,33.4 1 1
github.com/agent-project/harness/tools/file_tools.go:36.2,45.53 1 1
github.com/agent-project/harness/tools/file_tools.go:45.53,47.4 1 1
github.com/agent-project/harness/tools/file_tools.go:50.2,59.53 1 1
github.com/agent-project/harness/tools/file_tools.go:59.53,61.4 1 1
github.com/agent-project/harness/tools/file_tools.go:64.2,72.53 1 1
github.com/agent-project/harness/tools/file_tools.go:72.53,74.4 1 1
github.com/agent-project/harness/tools/file_tools.go:77.2,87.53 1 1
github.com/agent-project/harness/tools/file_tools.go:87.53,89.4 1 1
github.com/agent-project/harness/tools/file_tools.go:92.2,102.53 1 1
github.com/agent-project/harness/tools/file_tools.go:102.53,104.4 1 1
github.com/agent-project/harness/tools/file_tools.go:107.2,116.53 1 1
github.com/agent-project/harness/tools/file_tools.go:116.53,118.4 1 1
github.com/agent-project/harness/tools/file_tools.go:121.60,123.20 2 1
github.com/agent-project/harness/tools/file_tools.go:123.20,125.3 1 0
github.com/agent-project/harness/tools/file_tools.go:126.2,126.15 1 1
github.com/agent-project/harness/tools/file_tools.go:129.74,131.9 2 1
github.com/agent-project/harness/tools/file_tools.go:131.9,133.3 1 1
github.com/agent-project/harness/tools/file_tools.go:134.2,135.9 2 1
github.com/agent-project/harness/tools/file_tools.go:135.9,137.3 1 0
github.com/agent-project/harness/tools/file_tools.go:138.2,138.15 1 1
github.com/agent-project/harness/tools/file_tools.go:141.68,143.9 2 1
github.com/agent-project/harness/tools/file_tools.go:143.9,145.3 1 1
github.com/agent-project/harness/tools/file_tools.go:146.2,147.9 2 1
github.com/agent-project/harness/tools/file_tools.go:147.9,149.3 1 0
github.com/agent-project/harness/tools/file_tools.go:150.2,151.16 2 1
github.com/agent-project/harness/tools/file_tools.go:155.83,157.16 2 1
github.com/agent-project/harness/tools/file_tools.go:157.16,159.3 1 0
github.com/agent-project/harness/tools/file_tools.go:161.2,162.16 2 1
github.com/agent-project/harness/tools/file_tools.go:162.16,164.3 1 1
github.com/agent-project/harness/tools/file_tools.go:166.2,167.16 2 1
github.com/agent-project/harness/tools/file_tools.go:167.16,169.3 1 0
github.com/agent-project/harness/tools/file_tools.go:170.2,171.16 2 1
github.com/agent-project/harness/tools/file_tools.go:171.16,173.3 1 0
github.com/agent-project/harness/tools/file_tools.go:175.2,176.16 2 1
github.com/agent-project/harness/tools/file_tools.go:176.16,178.3 1 0
github.com/agent-project/harness/tools/file_tools.go:180.2,183.90 2 1
github.com/agent-project/harness/tools/file_tools.go:183.90,185.3 1 1
github.com/agent-project/harness/tools/file_tools.go:188.2,190.22 3 1
github.com/agent-project/harness/tools/file_tools.go:190.22,192.12 2 1
github.com/agent-project/harness/tools/file_tools.go:192.12,194.4 1 0
github.com/agent-project/harness/tools/file_tools.go:195.3,195.14 1 1
github.com/agent-project/harness/tools/file_tools.go:195.14,197.4 1 0
github.com/agent-project/harness/tools/file_tools.go:198.3,198.12 1 1
github.com/agent-project/harness/tools/file_tools.go:200.2,200.20 1 1
github.com/agent-project/harness/tools/file_tools.go:200.20,202.12 2 1
github.com/agent-project/harness/tools/file_tools.go:202.12,204.4 1 0
github.com/agent-project/harness/tools/file_tools.go:205.3,205.14 1 1
github.com/agent-project/harness/tools/file_tools.go:205.14,207.4 1 0
github.com/agent-project/harness/tools/file_tools.go:208.3,208.10 1 1
github.com/agent-project/harness/tools/file_tools.go:211.2,211.17 1 1
github.com/agent-project/harness/tools/file_tools.go:211.17,213.3 1 0
github.com/agent-project/harness/tools/file_tools.go:215.2,215.50 1 1
github.com/agent-project/harness/tools/file_tools.go:219.85,221.16 2 1
github.com/agent-project/harness/tools/file_tools.go:221.16,223.3 1 0
github.com/agent-project/harness/tools/file_tools.go:225.2,226.16 2 1
github.com/agent-project/harness/tools/file_tools.go:226.16,228.3 1 0
github.com/agent-project/harness/tools/file_tools.go:230.2,231.16 2 1
github.com/agent-project/harness/tools/file_tools.go:231.16,233.3 1 1
github.com/agent-project/harness/tools/file_tools.go:236.2,236.66 1 1
github.com/agent-project/harness/tools/file_tools.go:236.66,238.3 1 0
github.com/agent-project/harness/tools/file_tools.go:240.2,240.70 1 1
github.com/agent-project/harness/tools/file_tools.go:240.70,242.3 1 0
github.com/agent-project/harness/tools/file_tools.go:244.2,244.76 1 1
github.com/agent-project/harness/tools/file_tools.go:248.87,250.16 2 1
github.com/agent-project/harness/tools/file_tools.go:250.16,252.3 1 0
github.com/agent-project/harness/tools/file_tools.go:254.2,255.16 2 1
github.com/agent-project/harness/tools/file_tools.go:255.16,257.3 1 0
github.com/agent-project/harness/tools/file_tools.go:259.2,260.16 2 1
github.com/agent-project/harness/tools/file_tools.go:260.16,262.3 1 0
github.com/agent-project/harness/tools/file_tools.go:264.2,265.16 2 1
github.com/agent-project/harness/tools/file_tools.go:265.16,267.3 1 0
github.com/agent-project/harness/tools/file_tools.go:268.2,271.16 3 1
github.com/agent-project/harness/tools/file_tools.go:271.16,273.3 1 0
github.com/agent-project/harness/tools/file_tools.go:275.2,275.62 1 1
github.com/agent-project/harness/tools/file_tools.go:279.84,281.16 2 1
github.com/agent-project/harness/tools/file_tools.go:281.16,283.3 1 0
github.com/agent-project/harness/tools/file_tools.go:285.2,286.16 2 1
github.com/agent-project/harness/tools/file_tools.go:286.16,288.3 1 1
github.com/agent-project/harness/tools/file_tools.go:290.2,291.16 2 1
github.com/agent-project/harness/tools/file_tools.go:291.16,293.3 1 0
github.com/agent-project/harness/tools/file_tools.go:295.2,296.32 2 1
github.com/agent-project/harness/tools/file_tools.go:296.32,298.43 1 1
github.com/agent-project/harness/tools/file_tools.go:298.43,299.12 1 0
github.com/agent-project/harness/tools/file_tools.go:301.3,302.20 2 1
github.com/agent-project/harness/tools/file_tools.go:302.20,304.4 1 1
github.com/agent-project/harness/tools/file_tools.go:305.3,305.47 1 1
github.com/agent-project/harness/tools/file_tools.go:308.2,308.41 1 1
github.com/agent-project/harness/tools/file_tools.go:312.83,314.16 2 1
github.com/agent-project/harness/tools/file_tools.go:314.16,316.3 1 0
github.com/agent-project/harness/tools/file_tools.go:318.2,319.16 2 1
github.com/agent-project/harness/tools/file_tools.go:319.16,321.3 1 0
github.com/agent-project/harness/tools/file_tools.go:323.2,324.16 2 1
github.com/agent-project/harness/tools/file_tools.go:324.16,326.3 1 0
github.com/agent-project/harness/tools/file_tools.go:328.2,329.16 2 1
github.com/agent-project/harness/tools/file_tools.go:329.16,331.3 1 0
github.com/agent-project/harness/tools/file_tools.go:333.2,334.16 2 1
github.com/agent-project/harness/tools/file_tools.go:334.16,336.3 1 0
github.com/agent-project/harness/tools/file_tools.go:338.2,340.15 3 1
github.com/agent-project/harness/tools/file_tools.go:340.15,342.3 1 1
github.com/agent-project/harness/tools/file_tools.go:345.2,347.70 2 1
github.com/agent-project/harness/tools/file_tools.go:347.70,349.3 1 0
github.com/agent-project/harness/tools/file_tools.go:351.2,351.105 1 1
github.com/agent-project/harness/tools/file_tools.go:355.79,357.16 2 1
github.com/agent-project/harness/tools/file_tools.go:357.16,359.3 1 0
github.com/agent-project/harness/tools/file_tools.go:361.2,362.16 2 1
github.com/agent-project/harness/tools/file_tools.go:362.16,364.3 1 0
github.com/agent-project/harness/tools/file_tools.go:366.2,367.36 2 1
github.com/agent-project/harness/tools/file_tools.go:367.36,368.28 1 1
github.com/agent-project/harness/tools/file_tools.go:368.28,370.4 1 1
github.com/agent-project/harness/tools/file_tools.go:373.2,374.16 2 1
github.com/agent-project/harness/tools/file_tools.go:374.16,376.3 1 1
github.com/agent-project/harness/tools/file_tools.go:378.2,379.16 2 1
github.com/agent-project/harness/tools/file_tools.go:379.16,381.3 1 0
github.com/agent-project/harness/tools/file_tools.go:383.2,385.18 2 1
github.com/agent-project/harness/tools/file_tools.go:385.18,389.85 1 1
github.com/agent-project/harness/tools/file_tools.go:389.85,390.18 1 1
github.com/agent-project/harness/tools/file_tools.go:390.18,392.5 1 0
github.com/agent-project/harness/tools/file_tools.go:393.4,393.17 1 1
github.com/agent-project/harness/tools/file_tools.go:393.17,395.5 1 1
github.com/agent-project/harness/tools/file_tools.go:397.4,398.18 2 1
github.com/agent-project/harness/tools/file_tools.go:398.18,400.5 1 0
github.com/agent-project/harness/tools/file_tools.go:401.4,402.14 2 1
github.com/agent-project/harness/tools/file_tools.go:404.3,404.17 1 1
github.com/agent-project/harness/tools/file_tools.go:404.17,406.4 1 0
github.com/agent-project/harness/tools/file_tools.go:407.8,409.17 2 1
github.com/agent-project/harness/tools/file_tools.go:409.17,411.4 1 1
github.com/agent-project/harness/tools/file_tools.go:412.3,412.40 1 1
github.com/agent-project/harness/tools/file_tools.go:415.2,415.23 1 1
github.com/agent-project/harness/tools/file_tools.go:415.23,417.3 1 1
github.com/agent-project/harness/tools/file_tools.go:419.2,419.41 1 1
github.com/agent-project/harness/tools/file_tools.go:423.93,425.16 2 1
github.com/agent-project/harness/tools/file_tools.go:425.16,427.3 1 0
github.com/agent-project/harness/tools/file_tools.go:428.2,434.16 4 1
github.com/agent-project/harness/tools/file_tools.go:434.16,436.3 1 0
github.com/agent-project/harness/tools/file_tools.go:438.2,438.14 1 1
github.com/agent-project/harness/tools/file_tools.go:438.14,440.17 2 1
github.com/agent-project/harness/tools/file_tools.go:440.17,442.4 1 1
github.com/agent-project/harness/tools/file_tools.go:444.3,446.22 3 1
github.com/agent-project/harness/tools/file_tools.go:446.22,449.28 3 1
github.com/agent-project/harness/tools/file_tools.go:449.28,451.5 1 1
github.com/agent-project/harness/tools/file_tools.go:453.8,456.22 3 1
github.com/agent-project/harness/tools/file_tools.go:456.22,459.39 3 1
github.com/agent-project/harness/tools/file_tools.go:459.39,461.5 1 1
github.com/agent-project/harness/tools/file_tools.go:465.2,465.21 1 1
github.com/agent-project/harness/tools/file_tools.go:470.43,473.36 2 1
github.com/agent-project/harness/tools/file_tools.go:473.36,475.13 2 1
github.com/agent-project/harness/tools/file_tools.go:476.12,477.17 1 1
github.com/agent-project/harness/tools/file_tools.go:478.12,479.16 1 0
github.com/agent-project/harness/tools/file_tools.go:480.68,481.27 1 1
github.com/agent-project/harness/tools/file_tools.go:482.11,483.20 1 1
github.com/agent-project/harness/tools/file_tools.go:486.2,489.30 3 1
github.com/agent-project/harness/tools/file_tools.go:493.79,495.16 2 1
github.com/agent-project/harness/tools/file_tools.go:495.16,497.3 1 1
github.com/agent-project/harness/tools/file_tools.go:499.2,500.22 2 1
github.com/agent-project/harness/tools/file_tools.go:500.22,502.3 1 1
github.com/agent-project/harness/tools/file_tools.go:504.2,505.16 2 1
github.com/agent-project/harness/tools/file_tools.go:505.16,507.3 1 0
github.com/agent-project/harness/tools/file_tools.go:510.2,511.18 2 1
github.com/agent-project/harness/tools/file_tools.go:511.18,513.3 1 0
github.com/agent-project/harness/tools/file_tools.go:515.2,516.16 2 1
github.com/agent-project/harness/tools/file_tools.go:516.16,518.3 1 0
github.com/agent-project/harness/tools/file_tools.go:519.2,519.19 1 1
github.com/agent-project/harness/tools/file_tools.go:519.19,521.3 1 1
github.com/agent-project/harness/tools/file_tools.go:525.2,533.18 4 1
github.com/agent-project/harness/tools/file_tools.go:533.18,541.22 4 1
github.com/agent-project/harness/tools/file_tools.go:541.22,544.45 2 0
github.com/agent-project/harness/tools/file_tools.go:544.45,546.5 1 0
github.com/agent-project/harness/tools/file_tools.go:546.10,546.36 1 0
github.com/agent-project/harness/tools/file_tools.go:546.36,548.5 1 0
github.com/agent-project/harness/tools/file_tools.go:549.4,549.22 1 0
github.com/agent-project/harness/tools/file_tools.go:550.9,553.45 3 1
github.com/agent-project/harness/tools/file_tools.go:553.45,555.5 1 0
github.com/agent-project/harness/tools/file_tools.go:558.3,558.85 1 1
github.com/agent-project/harness/tools/file_tools.go:558.85,559.18 1 1
github.com/agent-project/harness/tools/file_tools.go:559.18,561.5 1 0
github.com/agent-project/harness/tools/file_tools.go:562.4,562.17 1 1
github.com/agent-project/harness/tools/file_tools.go:562.17,564.5 1 1
github.com/agent-project/harness/tools/file_tools.go:567.4,567.40 1 1
github.com/agent-project/harness/tools/file_tools.go:567.40,569.5 1 0
github.com/agent-project/harness/tools/file_tools.go:572.4,573.18 2 1
github.com/agent-project/harness/tools/file_tools.go:573.18,575.5 1 0
github.com/agent-project/harness/tools/file_tools.go:578.4,578.101 1 1
github.com/agent-project/harness/tools/file_tools.go:578.101,580.5 1 0
github.com/agent-project/harness/tools/file_tools.go:583.4,586.27 2 1
github.com/agent-project/harness/tools/file_tools.go:586.27,587.40 1 1
github.com/agent-project/harness/tools/file_tools.go:587.40,589.6 1 1
github.com/agent-project/harness/tools/file_tools.go:593.4,593.27 1 1
github.com/agent-project/harness/tools/file_tools.go:593.27,595.141 1 0
github.com/agent-project/harness/tools/file_tools.go:595.141,597.6 1 0
github.com/agent-project/harness/tools/file_tools.go:600.4,601.18 2 1
github.com/agent-project/harness/tools/file_tools.go:601.18,603.5 1 0
github.com/agent-project/harness/tools/file_tools.go:606.4,607.18 2 1
github.com/agent-project/harness/tools/file_tools.go:607.18,609.5 1 0
github.com/agent-project/harness/tools/file_tools.go:611.4,616.14 2 1
github.com/agent-project/harness/tools/file_tools.go:618.3,618.17 1 1
github.com/agent-project/harness/tools/file_tools.go:618.17,620.4 1 0
github.com/agent-project/harness/tools/file_tools.go:621.8,624.17 2 1
github.com/agent-project/harness/tools/file_tools.go:624.17,626.4 1 0
github.com/agent-project/harness/tools/file_tools.go:628.3,628.33 1 1
github.com/agent-project/harness/tools/file_tools.go:628.33,630.44 1 1
github.com/agent-project/harness/tools/file_tools.go:630.44,631.13 1 1
github.com/agent-project/harness/tools/file_tools.go:634.4,634.21 1 1
github.com/agent-project/harness/tools/file_tools.go:634.21,635.13 1 0
github.com/agent-project/harness/tools/file_tools.go:638.4,638.41 1 1
github.com/agent-project/harness/tools/file_tools.go:638.41,639.13 1 1
github.com/agent-project/harness/tools/file_tools.go:643.4,644.25 2 1
github.com/agent-project/harness/tools/file_tools.go:644.25,646.5 1 1
github.com/agent-project/harness/tools/file_tools.go:647.4,647.70 1 1
github.com/agent-project/harness/tools/file_tools.go:647.70,648.13 1 0
github.com/agent-project/harness/tools/file_tools.go:651.4,652.18 2 1
github.com/agent-project/harness/tools/file_tools.go:652.18,653.13 1 0
github.com/agent-project/harness/tools/file_tools.go:656.4,659.6 1 1
github.com/agent-project/harness/tools/file_tools.go:664.2,664.42 1 1
github.com/agent-project/harness/tools/file_tools.go:664.42,666.3 1 1
github.com/agent-project/harness/tools/file_tools.go:669.2,669.24 1 1
github.com/agent-project/harness/tools/file_tools.go:669.24,671.3 1 0
github.com/agent-project/harness/tools/file_tools.go:673.2,673.23 1 1
github.com/agent-project/harness/tools/file_tools.go:673.23,675.3 1 1
github.com/agent-project/harness/tools/file_tools.go:677.2,678.28 2 1
github.com/agent-project/harness/tools/file_tools.go:678.28,680.3 1 1
github.com/agent-project/harness/tools/file_tools.go:682.2,682.40 1 1
github.com/agent-project/harness/tools/image_tool.go:24.40,35.53 2 0
github.com/agent-project/harness/tools/image_tool.go:35.53,37.4 1 0
github.com/agent-project/harness/tools/image_tool.go:41.84,43.16 2 0
github.com/agent-project/harness/tools/image_tool.go:43.16,45.3 1 0
github.com/agent-project/harness/tools/image_tool.go:47.2,48.16 2 0
github.com/agent-project/harness/tools/image_tool.go:48.16,50.3 1 0
github.com/agent-project/harness/tools/image_tool.go:52.2,53.16 2 0
github.com/agent-project/harness/tools/image_tool.go:53.16,55.3 1 0
github.com/agent-project/harness/tools/image_tool.go:57.2,57.40 1 0
github.com/agent-project/harness/tools/image_tool.go:57.40,59.3 1 0
github.com/agent-project/harness/tools/image_tool.go:61.2,62.16 2 0
github.com/agent-project/harness/tools/image_tool.go:62.16,64.3 1 0
github.com/agent-project/harness/tools/image_tool.go:67.2,68.25 2 0
github.com/agent-project/harness/tools/image_tool.go:68.25,70.3 1 0
github.com/agent-project/harness/tools/image_tool.go:72.2,79.16 5 0
github.com/agent-project/harness/tools/image_tool.go:79.16,81.3 1 0
github.com/agent-project/harness/tools/image_tool.go:83.2,83.44 1 0
github.com/agent-project/harness/tools/tools.go:37.39,42.2 1 1
github.com/agent-project/harness/tools/tools.go:45.101,52.16 3 1
github.com/agent-project/harness/tools/tools.go:52.16,53.68 1 0
github.com/agent-project/harness/tools/tools.go:56.2,62.3 1 1
github.com/agent-project/harness/tools/tools.go:66.44,68.32 2 1
github.com/agent-project/harness/tools/tools.go:68.32,70.3 1 1
github.com/agent-project/harness/tools/tools.go:71.2,71.13 1 1
github.com/agent-project/harness/tools/tools.go:76.80,78.9 2 1
github.com/agent-project/harness/tools/tools.go:78.9,80.3 1 1
github.com/agent-project/harness/tools/tools.go:82.2,83.69 2 1
github.com/agent-project/harness/tools/tools.go:83.69,85.3 1 1
github.com/agent-project/harness/tools/tools.go:87.2,87.28 1 1
github.com/agent-project/harness/tools/web_tools.go:28.38,41.53 2 0
github.com/agent-project/harness/tools/web_tools.go:41.53,43.4 1 0
github.com/agent-project/harness/tools/web_tools.go:46.2,56.53 1 0
github.com/agent-project/harness/tools/web_tools.go:56.53,58.4 1 0
github.com/agent-project/harness/tools/web_tools.go:62.39,63.18 1 0
github.com/agent-project/harness/tools/web_tools.go:63.18,65.3 1 0
github.com/agent-project/harness/tools/web_tools.go:66.2,66.85 1 0
github.com/agent-project/harness/tools/web_tools.go:66.85,68.3 1 0
github.com/agent-project/harness/tools/web_tools.go:69.2,69.12 1 0
github.com/agent-project/harness/tools/web_tools.go:83.53,84.17 1 0
github.com/agent-project/harness/tools/web_tools.go:84.17,85.17 1 0
github.com/agent-project/harness/tools/web_tools.go:85.17,87.4 1 0
github.com/agent-project/harness/tools/web_tools.go:88.3,88.66 1 0
github.com/agent-project/harness/tools/web_tools.go:90.2,90.28 1 0
github.com/agent-project/harness/tools/web_tools.go:90.28,92.3 1 0
github.com/agent-project/harness/tools/web_tools.go:93.2,96.31 3 0
github.com/agent-project/harness/tools/web_tools.go:96.31,98.3 1 0
github.com/agent-project/harness/tools/web_tools.go:99.2,99.15 1 0
github.com/agent-project/harness/tools/web_tools.go:103.61,105.16 2 0
github.com/agent-project/harness/tools/web_tools.go:105.16,107.3 1 0
github.com/agent-project/harness/tools/web_tools.go:109.2,109.41 1 0
github.com/agent-project/harness/tools/web_tools.go:109.41,111.3 1 0
github.com/agent-project/harness/tools/web_tools.go:113.2,114.53 2 0
github.com/agent-project/harness/tools/web_tools.go:114.53,116.3 1 0
github.com/agent-project/harness/tools/web_tools.go:119.2,123.69 2 0
github.com/agent-project/harness/tools/web_tools.go:123.69,125.38 2 0
github.com/agent-project/harness/tools/web_tools.go:125.38,127.5 1 0
github.com/agent-project/harness/tools/web_tools.go:129.4,129.50 1 0
github.com/agent-project/harness/tools/web_tools.go:129.50,131.5 1 0
github.com/agent-project/harness/tools/web_tools.go:132.4,132.14 1 0
github.com/agent-project/harness/tools/web_tools.go:136.2,137.16 2 0
github.com/agent-project/harness/tools/web_tools.go:137.16,139.3 1 0
github.com/agent-project/harness/tools/web_tools.go:140.2,142.53 2 0
github.com/agent-project/harness/tools/web_tools.go:142.53,144.3 1 0
github.com/agent-project/harness/tools/web_tools.go:147.2,149.16 3 0
github.com/agent-project/harness/tools/web_tools.go:149.16,151.3 1 0
github.com/agent-project/harness/tools/web_tools.go:153.2,156.16 2 0
github.com/agent-project/harness/tools/web_tools.go:157.14,159.27 1 0
github.com/agent-project/harness/tools/web_tools.go:160.18,163.40 2 0
github.com/agent-project/harness/tools/web_tools.go:163.40,165.4 1 0
github.com/agent-project/harness/tools/web_tools.go:166.3,166.19 1 0
github.com/agent-project/harness/tools/web_tools.go:167.10,168.19 1 0
github.com/agent-project/harness/tools/web_tools.go:173.36,176.33 3 0
github.com/agent-project/harness/tools/web_tools.go:176.33,178.16 2 0
github.com/agent-project/harness/tools/web_tools.go:178.16,180.12 2 0
github.com/agent-project/harness/tools/web_tools.go:182.3,182.16 1 0
github.com/agent-project/harness/tools/web_tools.go:182.16,185.12 3 0
github.com/agent-project/harness/tools/web_tools.go:187.3,187.13 1 0
github.com/agent-project/harness/tools/web_tools.go:187.13,189.4 1 0
github.com/agent-project/harness/tools/web_tools.go:191.2,191.20 1 0
github.com/agent-project/harness/tools/web_tools.go:195.83,197.16 2 0
github.com/agent-project/harness/tools/web_tools.go:197.16,199.3 1 0
github.com/agent-project/harness/tools/web_tools.go:201.2,201.41 1 0
github.com/agent-project/harness/tools/web_tools.go:201.41,203.3 1 0
github.com/agent-project/harness/tools/web_tools.go:205.2,206.16 2 0
github.com/agent-project/harness/tools/web_tools.go:206.16,208.3 1 0
github.com/agent-project/harness/tools/web_tools.go:211.2,212.16 2 0
github.com/agent-project/harness/tools/web_tools.go:212.16,214.3 1 0
github.com/agent-project/harness/tools/web_tools.go:217.2,218.44 2 0
github.com/agent-project/harness/tools/web_tools.go:218.44,220.30 2 0
github.com/agent-project/harness/tools/web_tools.go:220.30,222.4 1 0
github.com/agent-project/harness/tools/web_tools.go:226.2,230.69 2 0
github.com/agent-project/harness/tools/web_tools.go:230.69,232.38 2 0
github.com/agent-project/harness/tools/web_tools.go:232.38,234.5 1 0
github.com/agent-project/harness/tools/web_tools.go:236.4,236.50 1 0
github.com/agent-project/harness/tools/web_tools.go:236.50,238.5 1 0
github.com/agent-project/harness/tools/web_tools.go:239.4,239.14 1 0
github.com/agent-project/harness/tools/web_tools.go:243.2,244.16 2 0
github.com/agent-project/harness/tools/web_tools.go:244.16,246.3 1 0
github.com/agent-project/harness/tools/web_tools.go:247.2,249.53 2 0
github.com/agent-project/harness/tools/web_tools.go:249.53,251.3 1 0
github.com/agent-project/harness/tools/web_tools.go:254.2,254.66 1 0
github.com/agent-project/harness/tools/web_tools.go:254.66,256.3 1 0
github.com/agent-project/harness/tools/web_tools.go:259.2,260.16 2 0
github.com/agent-project/harness/tools/web_tools.go:260.16,262.3 1 0
github.com/agent-project/harness/tools/web_tools.go:263.2,268.16 4 0
github.com/agent-project/harness/tools/web_tools.go:268.16,273.3 3 0
github.com/agent-project/harness/tools/web_tools.go:275.2,275.36 1 0
github.com/agent-project/harness/tools/web_tools.go:275.36,277.3 1 0
github.com/agent-project/harness/tools/web_tools.go:279.2,279.73 1 0
